Not searching for unused variables given on the command line.
-- Using CATKIN_DEVEL_PREFIX: /home/lke/SK-Autopilot/devel/.private/sk_autopilot
-- Using CMAKE_PREFIX_PATH: /home/lke/SK-Autopilot/devel;/opt/ros/kinetic
-- This workspace overlays: /home/lke/SK-Autopilot/devel;/opt/ros/kinetic
-- Using PYTHON_EXECUTABLE: /usr/bin/python
-- Using Debian Python package layout
-- Using empy: /usr/bin/empy
-- Using CATKIN_ENABLE_TESTING: ON
-- Call enable_testing()
-- Using CATKIN_TEST_RESULTS_DIR: /home/lke/SK-Autopilot/build/sk_autopilot/test_results
-- Found gmock sources under '/usr/src/gmock': gmock will be built
-- Found gtest sources under '/usr/src/gmock': gtests will be built
-- Using Python nosetests: /usr/bin/nosetests-2.7
-- catkin 0.7.14
-- Configuring done
CMake Warning (dev) at CMakeLists.txt:124 (add_dependencies):
  Policy CMP0046 is not set: Error on non-existent dependency in
  add_dependencies.  Run "cmake --help-policy CMP0046" for policy details.
  Use the cmake_policy command to set the policy and suppress this warning.

  The dependency target "waypoint_generator_generate_messages_cpp" of target
  "waypoint_generator" does not exist.
This warning is for project developers.  Use -Wno-dev to suppress it.

CMake Warning (dev) at CMakeLists.txt:128 (add_dependencies):
  Policy CMP0046 is not set: Error on non-existent dependency in
  add_dependencies.  Run "cmake --help-policy CMP0046" for policy details.
  Use the cmake_policy command to set the policy and suppress this warning.

  The dependency target "wwaypoint_follower_generate_messages_cpp" of target
  "waypoint_follower" does not exist.
This warning is for project developers.  Use -Wno-dev to suppress it.

-- Generating done
-- Build files have been written to: /home/lke/SK-Autopilot/build/sk_autopilot
