[01m[K/home/lke/SK-Autopilot/src/sk_autopilot/src/waypoint_generator.cpp:8:9:[m[K [01;31m[Kerror: [m[K#include expects "FILENAME" or <FILENAME>
[01m[K/home/lke/SK-Autopilot/src/sk_autopilot/src/waypoint_generator.cpp:19:19:[m[K [01;35m[Kwarning: [m[Knon-static data member initializers only available with -std=c++11 or -std=gnu++11
     double m_pi = 3.14159265358979323846;
[01;32m[K                   ^[m[K
[01m[K/home/lke/SK-Autopilot/src/sk_autopilot/src/waypoint_generator.cpp:21:31:[m[K [01;35m[Kwarning: [m[Knon-static data member initializers only available with -std=c++11 or -std=gnu++11
     double m_origin_lat_deg = 37.544156;
[01;32m[K                               ^[m[K
[01m[K/home/lke/SK-Autopilot/src/sk_autopilot/src/waypoint_generator.cpp:22:55:[m[K [01;35m[Kwarning: [m[Knon-static data member initializers only available with -std=c++11 or -std=gnu++11
     double m_origin_lat_rad = m_origin_lat_deg * m_pi/180.0;
[01;32m[K                                                       ^[m[K
[01m[K/home/lke/SK-Autopilot/src/sk_autopilot/src/waypoint_generator.cpp:24:31:[m[K [01;35m[Kwarning: [m[Knon-static data member initializers only available with -std=c++11 or -std=gnu++11
     double m_origin_lon_deg = 127.078417;
[01;32m[K                               ^[m[K
[01m[K/home/lke/SK-Autopilot/src/sk_autopilot/src/waypoint_generator.cpp:25:55:[m[K [01;35m[Kwarning: [m[Knon-static data member initializers only available with -std=c++11 or -std=gnu++11
     double m_origin_lon_rad = m_origin_lon_deg * m_pi/180.0;
[01;32m[K                                                       ^[m[K
[01m[K/home/lke/SK-Autopilot/src/sk_autopilot/src/waypoint_generator.cpp:27:18:[m[K [01;35m[Kwarning: [m[Knon-static data member initializers only available with -std=c++11 or -std=gnu++11
     double m_a = 6378137.0;       // semi-major axis [m]
[01;32m[K                  ^[m[K
[01m[K/home/lke/SK-Autopilot/src/sk_autopilot/src/waypoint_generator.cpp:28:18:[m[K [01;35m[Kwarning: [m[Knon-static data member initializers only available with -std=c++11 or -std=gnu++11
     double m_b = 6356752.314245;  // semi-minor axis [m]
[01;32m[K                  ^[m[K
[01m[K/home/lke/SK-Autopilot/src/sk_autopilot/src/waypoint_generator.cpp:[m[K In constructor '[01m[KWaypointGenerator::WaypointGenerator()[m[K':
[01m[K/home/lke/SK-Autopilot/src/sk_autopilot/src/waypoint_generator.cpp:50:20:[m[K [01;31m[Kerror: [m[K'[01m[KNAV_TAKEOFF_LOCAL[m[K' is not a member of '[01m[Kmavros_msgs::Waypoint {aka mavros_msgs::Waypoint_<std::allocator<void> >}[m[K'
         wp.command=mavros_msgs::Waypoint::NAV_TAKEOFF_LOCAL;
[01;32m[K                    ^[m[K
[01m[K/home/lke/SK-Autopilot/src/sk_autopilot/src/waypoint_generator.cpp:60:20:[m[K [01;31m[Kerror: [m[K'[01m[KNAV_WAYPOINT[m[K' is not a member of '[01m[Kmavros_msgs::Waypoint {aka mavros_msgs::Waypoint_<std::allocator<void> >}[m[K'
         wp.command=mavros_msgs::Waypoint::NAV_WAYPOINT;
[01;32m[K                    ^[m[K
[01m[K/home/lke/SK-Autopilot/src/sk_autopilot/src/waypoint_generator.cpp:71:20:[m[K [01;31m[Kerror: [m[K'[01m[KNAV_WAYPOINT[m[K' is not a member of '[01m[Kmavros_msgs::Waypoint {aka mavros_msgs::Waypoint_<std::allocator<void> >}[m[K'
         wp.command=mavros_msgs::Waypoint::NAV_WAYPOINT;
[01;32m[K                    ^[m[K
[01m[K/home/lke/SK-Autopilot/src/sk_autopilot/src/waypoint_generator.cpp:82:20:[m[K [01;31m[Kerror: [m[K'[01m[KNAV_LOITER_TIME[m[K' is not a member of '[01m[Kmavros_msgs::Waypoint {aka mavros_msgs::Waypoint_<std::allocator<void> >}[m[K'
         wp.command=mavros_msgs::Waypoint::NAV_LOITER_TIME;
[01;32m[K                    ^[m[K
[01m[K/home/lke/SK-Autopilot/src/sk_autopilot/src/waypoint_generator.cpp:91:20:[m[K [01;31m[Kerror: [m[K'[01m[KNAV_WAYPOINT[m[K' is not a member of '[01m[Kmavros_msgs::Waypoint {aka mavros_msgs::Waypoint_<std::allocator<void> >}[m[K'
         wp.command=mavros_msgs::Waypoint::NAV_WAYPOINT;
[01;32m[K                    ^[m[K
[01m[K/home/lke/SK-Autopilot/src/sk_autopilot/src/waypoint_generator.cpp:102:20:[m[K [01;31m[Kerror: [m[K'[01m[KNAV_LAND_LOCAL[m[K' is not a member of '[01m[Kmavros_msgs::Waypoint {aka mavros_msgs::Waypoint_<std::allocator<void> >}[m[K'
         wp.command=mavros_msgs::Waypoint::NAV_LAND_LOCAL;
[01;32m[K                    ^[m[K
In file included from [01m[K/opt/ros/kinetic/include/ros/service_client.h:33:0[m[K,
                 from [01m[K/opt/ros/kinetic/include/ros/node_handle.h:35[m[K,
                 from [01m[K/opt/ros/kinetic/include/ros/ros.h:45[m[K,
                 from [01m[K/home/lke/SK-Autopilot/src/sk_autopilot/src/waypoint_follower.cpp:1[m[K:
/opt/ros/kinetic/include/ros/service_traits.h: In instantiation of '[01m[Kstatic const char* ros::service_traits::MD5Sum<M>::value() [with M = mavros_msgs::WaypointReached_<std::allocator<void> >][m[K':
[01m[K/opt/ros/kinetic/include/ros/service_traits.h:79:102:[m[K   required from '[01m[Kconst char* ros::service_traits::md5sum() [with M = mavros_msgs::WaypointReached_<std::allocator<void> >][m[K'
[01m[K/opt/ros/kinetic/include/ros/service_client_options.h:95:33:[m[K   required from '[01m[Kvoid ros::ServiceClientOptions::init(const string&, bool, const M_string&) [with Service = mavros_msgs::WaypointReached_<std::allocator<void> >; std::__cxx11::string = std::__cxx11::basic_string<char>; ros::M_string = std::map<std::__cxx11::basic_string<char>, std::__cxx11::basic_string<char> >][m[K'
[01m[K/opt/ros/kinetic/include/ros/node_handle.h:1264:5:[m[K   required from '[01m[Kros::ServiceClient ros::NodeHandle::serviceClient(const string&, bool, const M_string&) [with Service = mavros_msgs::WaypointReached_<std::allocator<void> >; std::__cxx11::string = std::__cxx11::basic_string<char>; ros::M_string = std::map<std::__cxx11::basic_string<char>, std::__cxx11::basic_string<char> >][m[K'
[01m[K/home/lke/SK-Autopilot/src/sk_autopilot/src/waypoint_follower.cpp:64:42:[m[K   required from here
[01m[K/opt/ros/kinetic/include/ros/service_traits.h:47:34:[m[K [01;31m[Kerror: [m[K'[01m[K__s_getServerMD5Sum[m[K' is not a member of '[01m[Kmavros_msgs::WaypointReached_<std::allocator<void> >[m[K'
     return M::__s_getServerMD5Sum().c_str();
[01;32m[K                                  ^[m[K
make[2]: *** [CMakeFiles/waypoint_generator.dir/src/waypoint_generator.cpp.o] Error 1
make[1]: *** [CMakeFiles/waypoint_generator.dir/all] Error 2
make[1]: *** Waiting for unfinished jobs....
make[2]: *** [CMakeFiles/waypoint_follower.dir/src/waypoint_follower.cpp.o] Error 1
make[1]: *** [CMakeFiles/waypoint_follower.dir/all] Error 2
make: *** [all] Error 2
