[35m[1mScanning dependencies of target gazebo_ros_vacuum_gripper[0m
[35m[1mScanning dependencies of target diagnostic_msgs_generate_messages_nodejs[0m
[35m[1mScanning dependencies of target diagnostic_msgs_generate_messages_py[0m
[35m[1mScanning dependencies of target gazebo_ros_utils[0m
[35m[1mScanning dependencies of target rosgraph_msgs_generate_messages_nodejs[0m
[35m[1mScanning dependencies of target gazebo_ros_planar_move[0m
[35m[1mScanning dependencies of target gazebo_ros_ft_sensor[0m
[35m[1mScanning dependencies of target gazebo_ros_video[0m
[35m[1mScanning dependencies of target gazebo_ros_template[0m
[  0%] Built target diagnostic_msgs_generate_messages_nodejs
[  0%] Built target diagnostic_msgs_generate_messages_py
[  0%] Built target rosgraph_msgs_generate_messages_nodejs
[35m[1mScanning dependencies of target gazebo_msgs_generate_messages_eus[0m
[35m[1mScanning dependencies of target roscpp_generate_messages_eus[0m
[35m[1mScanning dependencies of target roscpp_generate_messages_py[0m
[  0%] Built target roscpp_generate_messages_eus
[  0%] Built target gazebo_msgs_generate_messages_eus
[  0%] Built target roscpp_generate_messages_py
[35m[1mScanning dependencies of target bond_generate_messages_eus[0m
[35m[1mScanning dependencies of target tf_generate_messages_nodejs[0m
[35m[1mScanning dependencies of target std_srvs_generate_messages_py[0m
[  0%] Built target std_srvs_generate_messages_py
[  0%] Built target bond_generate_messages_eus
[  0%] Built target tf_generate_messages_nodejs
[35m[1mScanning dependencies of target sensor_msgs_generate_messages_eus[0m
[35m[1mScanning dependencies of target actionlib_msgs_generate_messages_cpp[0m
[35m[1mScanning dependencies of target std_srvs_generate_messages_nodejs[0m
[  1%] [32mBuilding CXX object CMakeFiles/gazebo_ros_vacuum_gripper.dir/src/gazebo_ros_vacuum_gripper.cpp.o[0m
[  2%] [32mBuilding CXX object CMakeFiles/gazebo_ros_template.dir/src/gazebo_ros_template.cpp.o[0m
[  3%] [32mBuilding CXX object CMakeFiles/gazebo_ros_ft_sensor.dir/src/gazebo_ros_ft_sensor.cpp.o[0m
[  3%] Built target actionlib_msgs_generate_messages_cpp
[  3%] Built target sensor_msgs_generate_messages_eus
[  3%] Built target std_srvs_generate_messages_nodejs
[  4%] [32mBuilding CXX object CMakeFiles/gazebo_ros_planar_move.dir/src/gazebo_ros_planar_move.cpp.o[0m
[  6%] [32mBuilding CXX object CMakeFiles/gazebo_ros_utils.dir/src/gazebo_ros_utils.cpp.o[0m
[35m[1mScanning dependencies of target actionlib_generate_messages_nodejs[0m
[35m[1mScanning dependencies of target sensor_msgs_generate_messages_cpp[0m
[35m[1mScanning dependencies of target roscpp_generate_messages_cpp[0m
[  6%] Built target sensor_msgs_generate_messages_cpp
[  6%] Built target actionlib_generate_messages_nodejs
[  6%] Built target roscpp_generate_messages_cpp
[35m[1mScanning dependencies of target tf_generate_messages_cpp[0m
[35m[1mScanning dependencies of target std_srvs_generate_messages_eus[0m
[35m[1mScanning dependencies of target gazebo_msgs_generate_messages_nodejs[0m
[  7%] [32mBuilding CXX object CMakeFiles/gazebo_ros_video.dir/src/gazebo_ros_video.cpp.o[0m
[  7%] Built target std_srvs_generate_messages_eus
[  7%] Built target tf_generate_messages_cpp
[  7%] Built target gazebo_msgs_generate_messages_nodejs
[35m[1mScanning dependencies of target std_msgs_generate_messages_nodejs[0m
[35m[1mScanning dependencies of target dynamic_reconfigure_generate_messages_nodejs[0m
[35m[1mScanning dependencies of target _catkin_empty_exported_target[0m
[  7%] Built target std_msgs_generate_messages_nodejs
[  7%] Built target _catkin_empty_exported_target
[  7%] Built target dynamic_reconfigure_generate_messages_nodejs
[35m[1mScanning dependencies of target actionlib_generate_messages_cpp[0m
[35m[1mScanning dependencies of target rosgraph_msgs_generate_messages_py[0m
[35m[1mScanning dependencies of target tf_generate_messages_lisp[0m
[  7%] Built target actionlib_generate_messages_cpp
[  7%] Built target rosgraph_msgs_generate_messages_py
[  7%] Built target tf_generate_messages_lisp
[35m[1mScanning dependencies of target rosgraph_msgs_generate_messages_lisp[0m
[35m[1mScanning dependencies of target sensor_msgs_generate_messages_py[0m
[35m[1mScanning dependencies of target roscpp_generate_messages_nodejs[0m
[  7%] Built target rosgraph_msgs_generate_messages_lisp
[  7%] Built target sensor_msgs_generate_messages_py
[  7%] Built target roscpp_generate_messages_nodejs
[35m[1mScanning dependencies of target std_srvs_generate_messages_cpp[0m
[35m[1mScanning dependencies of target diagnostic_msgs_generate_messages_lisp[0m
[35m[1mScanning dependencies of target gazebo_msgs_generate_messages_lisp[0m
[  7%] Built target std_srvs_generate_messages_cpp
[  7%] Built target diagnostic_msgs_generate_messages_lisp
[  7%] Built target gazebo_msgs_generate_messages_lisp
[35m[1mScanning dependencies of target sensor_msgs_generate_messages_lisp[0m
[35m[1mScanning dependencies of target geometry_msgs_generate_messages_py[0m
[35m[1mScanning dependencies of target geometry_msgs_generate_messages_lisp[0m
[  7%] Built target sensor_msgs_generate_messages_lisp
[  7%] Built target geometry_msgs_generate_messages_py
[  7%] Built target geometry_msgs_generate_messages_lisp
[35m[1mScanning dependencies of target std_srvs_generate_messages_lisp[0m
[35m[1mScanning dependencies of target bond_generate_messages_py[0m
[35m[1mScanning dependencies of target std_msgs_generate_messages_lisp[0m
[  7%] Built target std_srvs_generate_messages_lisp
[  7%] Built target bond_generate_messages_py
[  7%] Built target std_msgs_generate_messages_lisp
[35m[1mScanning dependencies of target geometry_msgs_generate_messages_eus[0m
[35m[1mScanning dependencies of target geometry_msgs_generate_messages_nodejs[0m
[35m[1mScanning dependencies of target rosgraph_msgs_generate_messages_cpp[0m
[  7%] Built target geometry_msgs_generate_messages_eus
[  7%] Built target geometry_msgs_generate_messages_nodejs
[  7%] Built target rosgraph_msgs_generate_messages_cpp
[35m[1mScanning dependencies of target nodelet_generate_messages_py[0m
[35m[1mScanning dependencies of target diagnostic_msgs_generate_messages_eus[0m
[35m[1mScanning dependencies of target std_msgs_generate_messages_cpp[0m
[  7%] Built target nodelet_generate_messages_py
[  7%] Built target diagnostic_msgs_generate_messages_eus
[  7%] Built target std_msgs_generate_messages_cpp
[35m[1mScanning dependencies of target sensor_msgs_generate_messages_nodejs[0m
[35m[1mScanning dependencies of target gazebo_msgs_generate_messages_py[0m
[35m[1mScanning dependencies of target geometry_msgs_generate_messages_cpp[0m
[  7%] Built target sensor_msgs_generate_messages_nodejs
[  7%] Built target gazebo_msgs_generate_messages_py
[  7%] Built target geometry_msgs_generate_messages_cpp
[35m[1mScanning dependencies of target trajectory_msgs_generate_messages_cpp[0m
[35m[1mScanning dependencies of target roscpp_generate_messages_lisp[0m
[35m[1mScanning dependencies of target trajectory_msgs_generate_messages_eus[0m
[  7%] Built target trajectory_msgs_generate_messages_cpp
[  7%] Built target roscpp_generate_messages_lisp
[  7%] Built target trajectory_msgs_generate_messages_eus
[35m[1mScanning dependencies of target rosgraph_msgs_generate_messages_eus[0m
[35m[1mScanning dependencies of target std_msgs_generate_messages_py[0m
[35m[1mScanning dependencies of target nav_msgs_generate_messages_py[0m
[  7%] Built target rosgraph_msgs_generate_messages_eus
[  7%] Built target std_msgs_generate_messages_py
[  7%] Built target nav_msgs_generate_messages_py
[35m[1mScanning dependencies of target trajectory_msgs_generate_messages_lisp[0m
[35m[1mScanning dependencies of target trajectory_msgs_generate_messages_nodejs[0m
[  7%] Built target trajectory_msgs_generate_messages_lisp
[35m[1mScanning dependencies of target polled_camera_generate_messages_cpp[0m
[  7%] Built target trajectory_msgs_generate_messages_nodejs
[35m[1mScanning dependencies of target trajectory_msgs_generate_messages_py[0m
[  7%] Built target polled_camera_generate_messages_cpp
[35m[1mScanning dependencies of target polled_camera_generate_messages_lisp[0m
[  7%] Built target trajectory_msgs_generate_messages_py
[35m[1mScanning dependencies of target nodelet_generate_messages_cpp[0m
[35m[1mScanning dependencies of target nodelet_generate_messages_eus[0m
[  7%] Built target polled_camera_generate_messages_lisp
[  7%] Built target nodelet_generate_messages_cpp
[35m[1mScanning dependencies of target tf2_msgs_generate_messages_nodejs[0m
[  7%] Built target nodelet_generate_messages_eus
[35m[1mScanning dependencies of target nodelet_generate_messages_lisp[0m
[  7%] Built target tf2_msgs_generate_messages_nodejs
[35m[1mScanning dependencies of target nodelet_generate_messages_nodejs[0m
[  7%] Built target nodelet_generate_messages_lisp
[35m[1mScanning dependencies of target bond_generate_messages_cpp[0m
[  7%] Built target nodelet_generate_messages_nodejs
[35m[1mScanning dependencies of target bond_generate_messages_lisp[0m
[  7%] Built target bond_generate_messages_cpp
[  7%] Built target bond_generate_messages_lisp
[35m[1mScanning dependencies of target tf2_msgs_generate_messages_eus[0m
[35m[1mScanning dependencies of target nav_msgs_generate_messages_eus[0m
[  7%] Built target tf2_msgs_generate_messages_eus
[35m[1mScanning dependencies of target nav_msgs_generate_messages_lisp[0m
[  7%] Built target nav_msgs_generate_messages_eus
[35m[1mScanning dependencies of target gazebo_msgs_generate_messages_cpp[0m
[  7%] Built target nav_msgs_generate_messages_lisp
[  7%] Built target gazebo_msgs_generate_messages_cpp
[35m[1mScanning dependencies of target polled_camera_generate_messages_py[0m
[35m[1mScanning dependencies of target actionlib_msgs_generate_messages_eus[0m
[35m[1mScanning dependencies of target actionlib_generate_messages_lisp[0m
[  7%] Built target polled_camera_generate_messages_py
[  7%] Built target actionlib_msgs_generate_messages_eus
[  7%] Built target actionlib_generate_messages_lisp
[35m[1mScanning dependencies of target actionlib_msgs_generate_messages_lisp[0m
[35m[1mScanning dependencies of target actionlib_msgs_generate_messages_nodejs[0m
[35m[1mScanning dependencies of target tf2_msgs_generate_messages_py[0m
[  7%] Built target actionlib_msgs_generate_messages_lisp
[  7%] Built target actionlib_msgs_generate_messages_nodejs
[  7%] Built target tf2_msgs_generate_messages_py
[35m[1mScanning dependencies of target actionlib_msgs_generate_messages_py[0m
[35m[1mScanning dependencies of target tf_generate_messages_eus[0m
[35m[1mScanning dependencies of target tf_generate_messages_py[0m
[  7%] Built target actionlib_msgs_generate_messages_py
[  7%] Built target tf_generate_messages_eus
[  7%] Built target tf_generate_messages_py
[35m[1mScanning dependencies of target std_msgs_generate_messages_eus[0m
[35m[1mScanning dependencies of target actionlib_generate_messages_eus[0m
[35m[1mScanning dependencies of target tf2_msgs_generate_messages_cpp[0m
[  7%] Built target std_msgs_generate_messages_eus
[  7%] Built target actionlib_generate_messages_eus
[  7%] Built target tf2_msgs_generate_messages_cpp
[35m[1mScanning dependencies of target nav_msgs_generate_messages_cpp[0m
[35m[1mScanning dependencies of target tf2_msgs_generate_messages_lisp[0m
[35m[1mScanning dependencies of target dynamic_reconfigure_generate_messages_cpp[0m
[  7%] Built target nav_msgs_generate_messages_cpp
[  7%] Built target tf2_msgs_generate_messages_lisp
[  7%] Built target dynamic_reconfigure_generate_messages_cpp
[35m[1mScanning dependencies of target bond_generate_messages_nodejs[0m
[35m[1mScanning dependencies of target dynamic_reconfigure_generate_messages_eus[0m
[35m[1mScanning dependencies of target polled_camera_generate_messages_nodejs[0m
[  7%] Built target bond_generate_messages_nodejs
[  7%] Built target dynamic_reconfigure_generate_messages_eus
[  7%] Built target polled_camera_generate_messages_nodejs
[35m[1mScanning dependencies of target dynamic_reconfigure_generate_messages_lisp[0m
[35m[1mScanning dependencies of target actionlib_generate_messages_py[0m
[35m[1mScanning dependencies of target dynamic_reconfigure_generate_messages_py[0m
[  7%] Built target dynamic_reconfigure_generate_messages_lisp
[  7%] Built target actionlib_generate_messages_py
[  7%] Built target dynamic_reconfigure_generate_messages_py
[35m[1mScanning dependencies of target dynamic_reconfigure_gencfg[0m
[35m[1mScanning dependencies of target nav_msgs_generate_messages_nodejs[0m
[35m[1mScanning dependencies of target polled_camera_generate_messages_eus[0m
[  7%] Built target dynamic_reconfigure_gencfg
[  7%] Built target nav_msgs_generate_messages_nodejs
[  7%] Built target polled_camera_generate_messages_eus
[35m[1mScanning dependencies of target diagnostic_msgs_generate_messages_cpp[0m
[35m[1mScanning dependencies of target gazebo_ros_hand_of_god[0m
[35m[1mScanning dependencies of target gazebo_ros_force[0m
[  7%] Built target diagnostic_msgs_generate_messages_cpp
[35m[1mScanning dependencies of target gazebo_ros_imu_sensor[0m
[  8%] [32mBuilding CXX object CMakeFiles/gazebo_ros_force.dir/src/gazebo_ros_force.cpp.o[0m
[  9%] [32mBuilding CXX object CMakeFiles/gazebo_ros_imu_sensor.dir/src/gazebo_ros_imu_sensor.cpp.o[0m
[ 10%] [32mBuilding CXX object CMakeFiles/gazebo_ros_hand_of_god.dir/src/gazebo_ros_hand_of_god.cpp.o[0m
[35m[1mScanning dependencies of target gazebo_ros_p3d[0m
[ 12%] [32mBuilding CXX object CMakeFiles/gazebo_ros_p3d.dir/src/gazebo_ros_p3d.cpp.o[0m
[ 13%] [32m[1mLinking CXX shared library /home/lke/SK-Autopilot/devel/.private/gazebo_plugins/lib/libgazebo_ros_template.so[0m
[ 13%] Built target gazebo_ros_template
[35m[1mScanning dependencies of target gazebo_ros_harness[0m
[ 14%] [32mBuilding CXX object CMakeFiles/gazebo_ros_harness.dir/src/gazebo_ros_harness.cpp.o[0m
[ 15%] [32m[1mLinking CXX shared library /home/lke/SK-Autopilot/devel/.private/gazebo_plugins/lib/libgazebo_ros_vacuum_gripper.so[0m
[ 17%] [32m[1mLinking CXX shared library /home/lke/SK-Autopilot/devel/.private/gazebo_plugins/lib/libgazebo_ros_utils.so[0m
[ 18%] [32m[1mLinking CXX shared library /home/lke/SK-Autopilot/devel/.private/gazebo_plugins/lib/libgazebo_ros_ft_sensor.so[0m
[ 19%] [32m[1mLinking CXX shared library /home/lke/SK-Autopilot/devel/.private/gazebo_plugins/lib/libgazebo_ros_imu_sensor.so[0m
[ 19%] Built target gazebo_ros_vacuum_gripper
[ 19%] Built target gazebo_ros_utils
[35m[1mScanning dependencies of target gazebo_ros_gpu_laser[0m
[ 20%] [32m[1mLinking CXX shared library /home/lke/SK-Autopilot/devel/.private/gazebo_plugins/lib/libgazebo_ros_force.so[0m
[ 21%] [32mBuilding CXX object CMakeFiles/gazebo_ros_gpu_laser.dir/src/gazebo_ros_gpu_laser.cpp.o[0m
[ 21%] Built target gazebo_ros_ft_sensor
[35m[1mScanning dependencies of target gazebo_plugins_gencfg[0m
[ 23%] [34m[1mGenerating dynamic reconfigure files from cfg/CameraSynchronizer.cfg: /home/lke/SK-Autopilot/devel/.private/gazebo_plugins/include/gazebo_plugins/CameraSynchronizerConfig.h /home/lke/SK-Autopilot/devel/.private/gazebo_plugins/lib/python2.7/dist-packages/gazebo_plugins/cfg/CameraSynchronizerConfig.py[0m
Generating reconfiguration files for CameraSynchronizer in gazebo_plugins
Wrote header file in /home/lke/SK-Autopilot/devel/.private/gazebo_plugins/include/gazebo_plugins/CameraSynchronizerConfig.h
[ 24%] [34m[1mGenerating dynamic reconfigure files from cfg/GazeboRosCamera.cfg: /home/lke/SK-Autopilot/devel/.private/gazebo_plugins/include/gazebo_plugins/GazeboRosCameraConfig.h /home/lke/SK-Autopilot/devel/.private/gazebo_plugins/lib/python2.7/dist-packages/gazebo_plugins/cfg/GazeboRosCameraConfig.py[0m
[ 24%] Built target gazebo_ros_imu_sensor
[35m[1mScanning dependencies of target MultiCameraPlugin[0m
[ 25%] [32mBuilding CXX object CMakeFiles/MultiCameraPlugin.dir/src/MultiCameraPlugin.cpp.o[0m
Generating reconfiguration files for GazeboRosCamera in gazebo_plugins
Wrote header file in /home/lke/SK-Autopilot/devel/.private/gazebo_plugins/include/gazebo_plugins/GazeboRosCameraConfig.h
[ 25%] Built target gazebo_ros_force
[35m[1mScanning dependencies of target gazebo_ros_imu[0m
[ 26%] [34m[1mGenerating dynamic reconfigure files from cfg/GazeboRosOpenniKinect.cfg: /home/lke/SK-Autopilot/devel/.private/gazebo_plugins/include/gazebo_plugins/GazeboRosOpenniKinectConfig.h /home/lke/SK-Autopilot/devel/.private/gazebo_plugins/lib/python2.7/dist-packages/gazebo_plugins/cfg/GazeboRosOpenniKinectConfig.py[0m
[ 28%] [32m[1mLinking CXX shared library /home/lke/SK-Autopilot/devel/.private/gazebo_plugins/lib/libgazebo_ros_planar_move.so[0m
[ 29%] [32m[1mLinking CXX shared library /home/lke/SK-Autopilot/devel/.private/gazebo_plugins/lib/libgazebo_ros_hand_of_god.so[0m
[ 30%] [32mBuilding CXX object CMakeFiles/gazebo_ros_imu.dir/src/gazebo_ros_imu.cpp.o[0m
Generating reconfiguration files for GazeboRosOpenniKinect in gazebo_plugins
Wrote header file in /home/lke/SK-Autopilot/devel/.private/gazebo_plugins/include/gazebo_plugins/GazeboRosOpenniKinectConfig.h
[ 31%] [34m[1mGenerating dynamic reconfigure files from cfg/Hokuyo.cfg: /home/lke/SK-Autopilot/devel/.private/gazebo_plugins/include/gazebo_plugins/HokuyoConfig.h /home/lke/SK-Autopilot/devel/.private/gazebo_plugins/lib/python2.7/dist-packages/gazebo_plugins/cfg/HokuyoConfig.py[0m
Generating reconfiguration files for Hokuyo in gazebo_plugins
Wrote header file in /home/lke/SK-Autopilot/devel/.private/gazebo_plugins/include/gazebo_plugins/HokuyoConfig.h
[ 31%] Built target gazebo_plugins_gencfg
[35m[1mScanning dependencies of target pub_joint_trajectory_test[0m
[ 32%] [32mBuilding CXX object CMakeFiles/pub_joint_trajectory_test.dir/test/pub_joint_trajectory_test.cpp.o[0m
[ 32%] Built target gazebo_ros_planar_move
[35m[1mScanning dependencies of target vision_reconfigure[0m
[ 32%] Built target gazebo_ros_hand_of_god
[ 34%] [32mBuilding CXX object CMakeFiles/vision_reconfigure.dir/src/vision_reconfigure.cpp.o[0m
[35m[1mScanning dependencies of target gazebo_ros_f3d[0m
[ 35%] [32mBuilding CXX object CMakeFiles/gazebo_ros_f3d.dir/src/gazebo_ros_f3d.cpp.o[0m
[ 36%] [32m[1mLinking CXX shared library /home/lke/SK-Autopilot/devel/.private/gazebo_plugins/lib/libgazebo_ros_p3d.so[0m
[ 37%] [32m[1mLinking CXX executable /home/lke/SK-Autopilot/devel/.private/gazebo_plugins/lib/gazebo_plugins/pub_joint_trajectory_test[0m
[ 37%] Built target gazebo_ros_p3d
[35m[1mScanning dependencies of target gazebo_ros_joint_trajectory[0m
[ 39%] [32mBuilding CXX object CMakeFiles/gazebo_ros_joint_trajectory.dir/src/gazebo_ros_joint_trajectory.cpp.o[0m
[ 39%] Built target pub_joint_trajectory_test
[35m[1mScanning dependencies of target gazebo_ros_projector[0m
[ 40%] [32mBuilding CXX object CMakeFiles/gazebo_ros_projector.dir/src/gazebo_ros_projector.cpp.o[0m
[ 41%] [32m[1mLinking CXX shared library /home/lke/SK-Autopilot/devel/.private/gazebo_plugins/lib/libgazebo_ros_harness.so[0m
[ 41%] Built target gazebo_ros_harness
[ 42%] [32m[1mLinking CXX shared library /home/lke/SK-Autopilot/devel/.private/gazebo_plugins/lib/libvision_reconfigure.so[0m
[ 42%] Built target vision_reconfigure
[35m[1mScanning dependencies of target hokuyo_node[0m
[ 43%] [32mBuilding CXX object CMakeFiles/hokuyo_node.dir/src/hokuyo_node.cpp.o[0m
[ 45%] [32m[1mLinking CXX shared library /home/lke/SK-Autopilot/devel/.private/gazebo_plugins/lib/libgazebo_ros_f3d.so[0m
[ 45%] Built target gazebo_ros_f3d
[35m[1mScanning dependencies of target gazebo_ros_range[0m
[ 46%] [32m[1mLinking CXX shared library /home/lke/SK-Autopilot/devel/.private/gazebo_plugins/lib/libgazebo_ros_gpu_laser.so[0m
[ 47%] [32m[1mLinking CXX shared library /home/lke/SK-Autopilot/devel/.private/gazebo_plugins/lib/libgazebo_ros_imu.so[0m
[ 48%] [32mBuilding CXX object CMakeFiles/gazebo_ros_range.dir/src/gazebo_ros_range.cpp.o[0m
[ 48%] Built target gazebo_ros_imu
[35m[1mScanning dependencies of target gazebo_ros_joint_pose_trajectory[0m
[ 50%] [32mBuilding CXX object CMakeFiles/gazebo_ros_joint_pose_trajectory.dir/src/gazebo_ros_joint_pose_trajectory.cpp.o[0m
[ 50%] Built target gazebo_ros_gpu_laser
[35m[1mScanning dependencies of target gazebo_ros_block_laser[0m
[ 51%] [32mBuilding CXX object CMakeFiles/gazebo_ros_block_laser.dir/src/gazebo_ros_block_laser.cpp.o[0m
[ 52%] [32m[1mLinking CXX executable /home/lke/SK-Autopilot/devel/.private/gazebo_plugins/lib/gazebo_plugins/hokuyo_node[0m
[ 52%] Built target hokuyo_node
[35m[1mScanning dependencies of target gazebo_ros_skid_steer_drive[0m
[ 53%] [32mBuilding CXX object CMakeFiles/gazebo_ros_skid_steer_drive.dir/src/gazebo_ros_skid_steer_drive.cpp.o[0m
[ 54%] [32m[1mLinking CXX shared library /home/lke/SK-Autopilot/devel/.private/gazebo_plugins/lib/libgazebo_ros_joint_trajectory.so[0m
[ 54%] Built target gazebo_ros_joint_trajectory
[35m[1mScanning dependencies of target gazebo_ros_laser[0m
[ 56%] [32mBuilding CXX object CMakeFiles/gazebo_ros_laser.dir/src/gazebo_ros_laser.cpp.o[0m
[ 57%] [32m[1mLinking CXX shared library /home/lke/SK-Autopilot/devel/.private/gazebo_plugins/lib/libgazebo_ros_range.so[0m
[ 57%] Built target gazebo_ros_range
