Not searching for unused variables given on the command line.
-- Using CATKIN_DEVEL_PREFIX: /home/lke/SK-Autopilot/devel/.private/modudculab_ros
-- Using CMAKE_PREFIX_PATH: /home/lke/SK-Autopilot/devel;/home/lke/ACL_KUSV/devel;/home/lke/catkin_ws/devel;/opt/ros/kinetic
-- This workspace overlays: /home/lke/SK-Autopilot/devel;/home/lke/ACL_KUSV/devel;/home/lke/catkin_ws/devel;/opt/ros/kinetic
-- Using PYTHON_EXECUTABLE: /usr/bin/python
-- Using Debian Python package layout
-- Using empy: /usr/bin/empy
-- Using CATKIN_ENABLE_TESTING: ON
-- Call enable_testing()
-- Using CATKIN_TEST_RESULTS_DIR: /home/lke/SK-Autopilot/build/modudculab_ros/test_results
-- Found gmock sources under '/usr/src/gmock': gmock will be built
-- Found gtest sources under '/usr/src/gmock': gtests will be built
-- Using Python nosetests: /usr/bin/nosetests-2.7
-- catkin 0.7.14
-- Configuring done
CMake Warning (dev) at CMakeLists.txt:140 (add_dependencies):
  Policy CMP0046 is not set: Error on non-existent dependency in
  add_dependencies.  Run "cmake --help-policy CMP0046" for policy details.
  Use the cmake_policy command to set the policy and suppress this warning.

  The dependency target "modudculab_ros_generate_messages_cpp" of target
  "pub_setpoints_att" does not exist.
This warning is for project developers.  Use -Wno-dev to suppress it.

CMake Warning (dev) at CMakeLists.txt:143 (add_dependencies):
  Policy CMP0046 is not set: Error on non-existent dependency in
  add_dependencies.  Run "cmake --help-policy CMP0046" for policy details.
  Use the cmake_policy command to set the policy and suppress this warning.

  The dependency target "modudculab_ros_generate_messages_cpp" of target
  "test_setpoints_traj" does not exist.
This warning is for project developers.  Use -Wno-dev to suppress it.

CMake Warning (dev) at CMakeLists.txt:134 (add_dependencies):
  Policy CMP0046 is not set: Error on non-existent dependency in
  add_dependencies.  Run "cmake --help-policy CMP0046" for policy details.
  Use the cmake_policy command to set the policy and suppress this warning.

  The dependency target "modudculab_ros_generate_messages_cpp" of target
  "pub_setpoints_pos" does not exist.
This warning is for project developers.  Use -Wno-dev to suppress it.

CMake Warning (dev) at CMakeLists.txt:137 (add_dependencies):
  Policy CMP0046 is not set: Error on non-existent dependency in
  add_dependencies.  Run "cmake --help-policy CMP0046" for policy details.
  Use the cmake_policy command to set the policy and suppress this warning.

  The dependency target "modudculab_ros_generate_messages_cpp" of target
  "pub_setpoints_traj" does not exist.
This warning is for project developers.  Use -Wno-dev to suppress it.

-- Generating done
-- Build files have been written to: /home/lke/SK-Autopilot/build/modudculab_ros
