[01m[K/home/lke/SK-Autopilot/src/waypoint_generator/src/waypoint_generator.cpp:[m[K In constructor '[01m[KWaypointGenerator::WaypointGenerator()[m[K':
[01m[K/home/lke/SK-Autopilot/src/waypoint_generator/src/waypoint_generator.cpp:19:65:[m[K [01;31m[Kerror: [m[K'[01m[Kmavros_msgs::Waypoint {aka struct mavros_msgs::Waypoint_<std::allocator<void> >}[m[K' has no member named '[01m[Klatitude[m[K'
         m_rosNodeHandler.param("waypoint_generator/wp1_lat", wp.latitude, 0.0);
[01;32m[K                                                                 ^[m[K
[01m[K/home/lke/SK-Autopilot/src/waypoint_generator/src/waypoint_generator.cpp:20:65:[m[K [01;31m[Kerror: [m[K'[01m[Kmavros_msgs::Waypoint {aka struct mavros_msgs::Waypoint_<std::allocator<void> >}[m[K' has no member named '[01m[Klongitude[m[K'
         m_rosNodeHandler.param("waypoint_generator/wp1_lon", wp.longitude, 0.0);
[01;32m[K                                                                 ^[m[K
[01m[K/home/lke/SK-Autopilot/src/waypoint_generator/src/waypoint_generator.cpp:21:65:[m[K [01;31m[Kerror: [m[K'[01m[Kmavros_msgs::Waypoint {aka struct mavros_msgs::Waypoint_<std::allocator<void> >}[m[K' has no member named '[01m[Kaltitude[m[K'
         m_rosNodeHandler.param("waypoint_generator/wp1_alt", wp.altitude, (float)0.0);
[01;32m[K                                                                 ^[m[K
[01m[K/home/lke/SK-Autopilot/src/waypoint_generator/src/waypoint_generator.cpp:25:65:[m[K [01;31m[Kerror: [m[K'[01m[Kmavros_msgs::Waypoint {aka struct mavros_msgs::Waypoint_<std::allocator<void> >}[m[K' has no member named '[01m[Klatitude[m[K'
         m_rosNodeHandler.param("waypoint_generator/wp2_lat", wp.latitude, 0.0);
[01;32m[K                                                                 ^[m[K
[01m[K/home/lke/SK-Autopilot/src/waypoint_generator/src/waypoint_generator.cpp:26:65:[m[K [01;31m[Kerror: [m[K'[01m[Kmavros_msgs::Waypoint {aka struct mavros_msgs::Waypoint_<std::allocator<void> >}[m[K' has no member named '[01m[Klongitude[m[K'
         m_rosNodeHandler.param("waypoint_generator/wp2_lon", wp.longitude, 0.0);
[01;32m[K                                                                 ^[m[K
[01m[K/home/lke/SK-Autopilot/src/waypoint_generator/src/waypoint_generator.cpp:27:65:[m[K [01;31m[Kerror: [m[K'[01m[Kmavros_msgs::Waypoint {aka struct mavros_msgs::Waypoint_<std::allocator<void> >}[m[K' has no member named '[01m[Kaltitude[m[K'
         m_rosNodeHandler.param("waypoint_generator/wp2_alt", wp.altitude, (float)0.0);
[01;32m[K                                                                 ^[m[K
[01m[K/home/lke/SK-Autopilot/src/waypoint_generator/src/waypoint_generator.cpp:31:65:[m[K [01;31m[Kerror: [m[K'[01m[Kmavros_msgs::Waypoint {aka struct mavros_msgs::Waypoint_<std::allocator<void> >}[m[K' has no member named '[01m[Klatitude[m[K'
         m_rosNodeHandler.param("waypoint_generator/wp3_lat", wp.latitude, 0.0);
[01;32m[K                                                                 ^[m[K
[01m[K/home/lke/SK-Autopilot/src/waypoint_generator/src/waypoint_generator.cpp:32:65:[m[K [01;31m[Kerror: [m[K'[01m[Kmavros_msgs::Waypoint {aka struct mavros_msgs::Waypoint_<std::allocator<void> >}[m[K' has no member named '[01m[Klongitude[m[K'
         m_rosNodeHandler.param("waypoint_generator/wp3_lon", wp.longitude, 0.0);
[01;32m[K                                                                 ^[m[K
[01m[K/home/lke/SK-Autopilot/src/waypoint_generator/src/waypoint_generator.cpp:33:65:[m[K [01;31m[Kerror: [m[K'[01m[Kmavros_msgs::Waypoint {aka struct mavros_msgs::Waypoint_<std::allocator<void> >}[m[K' has no member named '[01m[Kaltitude[m[K'
         m_rosNodeHandler.param("waypoint_generator/wp3_alt", wp.altitude, (float)0.0);
[01;32m[K                                                                 ^[m[K
[01m[K/home/lke/SK-Autopilot/src/waypoint_generator/src/waypoint_generator.cpp:37:65:[m[K [01;31m[Kerror: [m[K'[01m[Kmavros_msgs::Waypoint {aka struct mavros_msgs::Waypoint_<std::allocator<void> >}[m[K' has no member named '[01m[Klatitude[m[K'
         m_rosNodeHandler.param("waypoint_generator/wp4_lat", wp.latitude, 0.0);
[01;32m[K                                                                 ^[m[K
[01m[K/home/lke/SK-Autopilot/src/waypoint_generator/src/waypoint_generator.cpp:38:65:[m[K [01;31m[Kerror: [m[K'[01m[Kmavros_msgs::Waypoint {aka struct mavros_msgs::Waypoint_<std::allocator<void> >}[m[K' has no member named '[01m[Klongitude[m[K'
         m_rosNodeHandler.param("waypoint_generator/wp4_lon", wp.longitude, 0.0);
[01;32m[K                                                                 ^[m[K
[01m[K/home/lke/SK-Autopilot/src/waypoint_generator/src/waypoint_generator.cpp:39:65:[m[K [01;31m[Kerror: [m[K'[01m[Kmavros_msgs::Waypoint {aka struct mavros_msgs::Waypoint_<std::allocator<void> >}[m[K' has no member named '[01m[Kaltitude[m[K'
         m_rosNodeHandler.param("waypoint_generator/wp4_alt", wp.altitude, (float)0.0);
[01;32m[K                                                                 ^[m[K
make[2]: *** [CMakeFiles/waypoint_generator.dir/src/waypoint_generator.cpp.o] Error 1
make[1]: *** [CMakeFiles/waypoint_generator.dir/all] Error 2
make: *** [all] Error 2
