[01m[K/home/lke/SK-Autopilot/src/waypoint_generator/src/waypoint_generator.cpp:[m[K In constructor '[01m[KWaypointGenerator::WaypointGenerator()[m[K':
[01m[K/home/lke/SK-Autopilot/src/waypoint_generator/src/waypoint_generator.cpp:16:73:[m[K [01;31m[Kerror: [m[Kno matching function for call to '[01m[Kros::NodeHandle::param(const char [27], mavros_msgs::Waypoint_<std::allocator<void> >::_x_lat_type&, int)[m[K'
         m_rosNodeHandler.param("waypoint_generator/wp1_lat", wp.x_lat, 0);
[01;32m[K                                                                         ^[m[K
In file included from [01m[K/opt/ros/kinetic/include/ros/ros.h:45:0[m[K,
                 from [01m[K/home/lke/SK-Autopilot/src/waypoint_generator/src/waypoint_generator.cpp:1[m[K:
[01m[K/opt/ros/kinetic/include/ros/node_handle.h:2120:8:[m[K [01;36m[Knote: [m[Kcandidate: template<class T> bool ros::NodeHandle::param(const string&, T&, const T&) const
   bool param(const std::string& param_name, T& param_val, const T& default_val) const
[01;32m[K        ^[m[K
[01m[K/opt/ros/kinetic/include/ros/node_handle.h:2120:8:[m[K [01;36m[Knote: [m[K  template argument deduction/substitution failed:
[01m[K/home/lke/SK-Autopilot/src/waypoint_generator/src/waypoint_generator.cpp:16:73:[m[K [01;36m[Knote: [m[K  deduced conflicting types for parameter '[01m[Kconst T[m[K' ('[01m[Kdouble[m[K' and '[01m[Kint[m[K')
         m_rosNodeHandler.param("waypoint_generator/wp1_lat", wp.x_lat, 0);
[01;32m[K                                                                         ^[m[K
In file included from [01m[K/opt/ros/kinetic/include/ros/ros.h:45:0[m[K,
                 from [01m[K/home/lke/SK-Autopilot/src/waypoint_generator/src/waypoint_generator.cpp:1[m[K:
[01m[K/opt/ros/kinetic/include/ros/node_handle.h:2153:5:[m[K [01;36m[Knote: [m[Kcandidate: template<class T> T ros::NodeHandle::param(const string&, const T&)
   T param(const std::string& param_name, const T& default_val)
[01;32m[K     ^[m[K
[01m[K/opt/ros/kinetic/include/ros/node_handle.h:2153:5:[m[K [01;36m[Knote: [m[K  template argument deduction/substitution failed:
[01m[K/home/lke/SK-Autopilot/src/waypoint_generator/src/waypoint_generator.cpp:16:73:[m[K [01;36m[Knote: [m[K  candidate expects 2 arguments, 3 provided
         m_rosNodeHandler.param("waypoint_generator/wp1_lat", wp.x_lat, 0);
[01;32m[K                                                                         ^[m[K
[01m[K/home/lke/SK-Autopilot/src/waypoint_generator/src/waypoint_generator.cpp:17:74:[m[K [01;31m[Kerror: [m[Kno matching function for call to '[01m[Kros::NodeHandle::param(const char [27], mavros_msgs::Waypoint_<std::allocator<void> >::_y_long_type&, int)[m[K'
         m_rosNodeHandler.param("waypoint_generator/wp1_lon", wp.y_long, 0);
[01;32m[K                                                                          ^[m[K
In file included from [01m[K/opt/ros/kinetic/include/ros/ros.h:45:0[m[K,
                 from [01m[K/home/lke/SK-Autopilot/src/waypoint_generator/src/waypoint_generator.cpp:1[m[K:
[01m[K/opt/ros/kinetic/include/ros/node_handle.h:2120:8:[m[K [01;36m[Knote: [m[Kcandidate: template<class T> bool ros::NodeHandle::param(const string&, T&, const T&) const
   bool param(const std::string& param_name, T& param_val, const T& default_val) const
[01;32m[K        ^[m[K
[01m[K/opt/ros/kinetic/include/ros/node_handle.h:2120:8:[m[K [01;36m[Knote: [m[K  template argument deduction/substitution failed:
[01m[K/home/lke/SK-Autopilot/src/waypoint_generator/src/waypoint_generator.cpp:17:74:[m[K [01;36m[Knote: [m[K  deduced conflicting types for parameter '[01m[Kconst T[m[K' ('[01m[Kdouble[m[K' and '[01m[Kint[m[K')
         m_rosNodeHandler.param("waypoint_generator/wp1_lon", wp.y_long, 0);
[01;32m[K                                                                          ^[m[K
In file included from [01m[K/opt/ros/kinetic/include/ros/ros.h:45:0[m[K,
                 from [01m[K/home/lke/SK-Autopilot/src/waypoint_generator/src/waypoint_generator.cpp:1[m[K:
[01m[K/opt/ros/kinetic/include/ros/node_handle.h:2153:5:[m[K [01;36m[Knote: [m[Kcandidate: template<class T> T ros::NodeHandle::param(const string&, const T&)
   T param(const std::string& param_name, const T& default_val)
[01;32m[K     ^[m[K
[01m[K/opt/ros/kinetic/include/ros/node_handle.h:2153:5:[m[K [01;36m[Knote: [m[K  template argument deduction/substitution failed:
[01m[K/home/lke/SK-Autopilot/src/waypoint_generator/src/waypoint_generator.cpp:17:74:[m[K [01;36m[Knote: [m[K  candidate expects 2 arguments, 3 provided
         m_rosNodeHandler.param("waypoint_generator/wp1_lon", wp.y_long, 0);
[01;32m[K                                                                          ^[m[K
[01m[K/home/lke/SK-Autopilot/src/waypoint_generator/src/waypoint_generator.cpp:18:73:[m[K [01;31m[Kerror: [m[Kno matching function for call to '[01m[Kros::NodeHandle::param(const char [27], mavros_msgs::Waypoint_<std::allocator<void> >::_z_alt_type&, int)[m[K'
         m_rosNodeHandler.param("waypoint_generator/wp1_alt", wp.z_alt, 0);
[01;32m[K                                                                         ^[m[K
In file included from [01m[K/opt/ros/kinetic/include/ros/ros.h:45:0[m[K,
                 from [01m[K/home/lke/SK-Autopilot/src/waypoint_generator/src/waypoint_generator.cpp:1[m[K:
[01m[K/opt/ros/kinetic/include/ros/node_handle.h:2120:8:[m[K [01;36m[Knote: [m[Kcandidate: template<class T> bool ros::NodeHandle::param(const string&, T&, const T&) const
   bool param(const std::string& param_name, T& param_val, const T& default_val) const
[01;32m[K        ^[m[K
[01m[K/opt/ros/kinetic/include/ros/node_handle.h:2120:8:[m[K [01;36m[Knote: [m[K  template argument deduction/substitution failed:
[01m[K/home/lke/SK-Autopilot/src/waypoint_generator/src/waypoint_generator.cpp:18:73:[m[K [01;36m[Knote: [m[K  deduced conflicting types for parameter '[01m[Kconst T[m[K' ('[01m[Kdouble[m[K' and '[01m[Kint[m[K')
         m_rosNodeHandler.param("waypoint_generator/wp1_alt", wp.z_alt, 0);
[01;32m[K                                                                         ^[m[K
In file included from [01m[K/opt/ros/kinetic/include/ros/ros.h:45:0[m[K,
                 from [01m[K/home/lke/SK-Autopilot/src/waypoint_generator/src/waypoint_generator.cpp:1[m[K:
[01m[K/opt/ros/kinetic/include/ros/node_handle.h:2153:5:[m[K [01;36m[Knote: [m[Kcandidate: template<class T> T ros::NodeHandle::param(const string&, const T&)
   T param(const std::string& param_name, const T& default_val)
[01;32m[K     ^[m[K
[01m[K/opt/ros/kinetic/include/ros/node_handle.h:2153:5:[m[K [01;36m[Knote: [m[K  template argument deduction/substitution failed:
[01m[K/home/lke/SK-Autopilot/src/waypoint_generator/src/waypoint_generator.cpp:18:73:[m[K [01;36m[Knote: [m[K  candidate expects 2 arguments, 3 provided
         m_rosNodeHandler.param("waypoint_generator/wp1_alt", wp.z_alt, 0);
[01;32m[K                                                                         ^[m[K
[01m[K/home/lke/SK-Autopilot/src/waypoint_generator/src/waypoint_generator.cpp:21:73:[m[K [01;31m[Kerror: [m[Kno matching function for call to '[01m[Kros::NodeHandle::param(const char [27], mavros_msgs::Waypoint_<std::allocator<void> >::_x_lat_type&, int)[m[K'
         m_rosNodeHandler.param("waypoint_generator/wp2_lat", wp.x_lat, 0);
[01;32m[K                                                                         ^[m[K
In file included from [01m[K/opt/ros/kinetic/include/ros/ros.h:45:0[m[K,
                 from [01m[K/home/lke/SK-Autopilot/src/waypoint_generator/src/waypoint_generator.cpp:1[m[K:
[01m[K/opt/ros/kinetic/include/ros/node_handle.h:2120:8:[m[K [01;36m[Knote: [m[Kcandidate: template<class T> bool ros::NodeHandle::param(const string&, T&, const T&) const
   bool param(const std::string& param_name, T& param_val, const T& default_val) const
[01;32m[K        ^[m[K
[01m[K/opt/ros/kinetic/include/ros/node_handle.h:2120:8:[m[K [01;36m[Knote: [m[K  template argument deduction/substitution failed:
[01m[K/home/lke/SK-Autopilot/src/waypoint_generator/src/waypoint_generator.cpp:21:73:[m[K [01;36m[Knote: [m[K  deduced conflicting types for parameter '[01m[Kconst T[m[K' ('[01m[Kdouble[m[K' and '[01m[Kint[m[K')
         m_rosNodeHandler.param("waypoint_generator/wp2_lat", wp.x_lat, 0);
[01;32m[K                                                                         ^[m[K
In file included from [01m[K/opt/ros/kinetic/include/ros/ros.h:45:0[m[K,
                 from [01m[K/home/lke/SK-Autopilot/src/waypoint_generator/src/waypoint_generator.cpp:1[m[K:
[01m[K/opt/ros/kinetic/include/ros/node_handle.h:2153:5:[m[K [01;36m[Knote: [m[Kcandidate: template<class T> T ros::NodeHandle::param(const string&, const T&)
   T param(const std::string& param_name, const T& default_val)
[01;32m[K     ^[m[K
[01m[K/opt/ros/kinetic/include/ros/node_handle.h:2153:5:[m[K [01;36m[Knote: [m[K  template argument deduction/substitution failed:
[01m[K/home/lke/SK-Autopilot/src/waypoint_generator/src/waypoint_generator.cpp:21:73:[m[K [01;36m[Knote: [m[K  candidate expects 2 arguments, 3 provided
         m_rosNodeHandler.param("waypoint_generator/wp2_lat", wp.x_lat, 0);
[01;32m[K                                                                         ^[m[K
[01m[K/home/lke/SK-Autopilot/src/waypoint_generator/src/waypoint_generator.cpp:22:74:[m[K [01;31m[Kerror: [m[Kno matching function for call to '[01m[Kros::NodeHandle::param(const char [27], mavros_msgs::Waypoint_<std::allocator<void> >::_y_long_type&, int)[m[K'
         m_rosNodeHandler.param("waypoint_generator/wp2_lon", wp.y_long, 0);
[01;32m[K                                                                          ^[m[K
In file included from [01m[K/opt/ros/kinetic/include/ros/ros.h:45:0[m[K,
                 from [01m[K/home/lke/SK-Autopilot/src/waypoint_generator/src/waypoint_generator.cpp:1[m[K:
[01m[K/opt/ros/kinetic/include/ros/node_handle.h:2120:8:[m[K [01;36m[Knote: [m[Kcandidate: template<class T> bool ros::NodeHandle::param(const string&, T&, const T&) const
   bool param(const std::string& param_name, T& param_val, const T& default_val) const
[01;32m[K        ^[m[K
[01m[K/opt/ros/kinetic/include/ros/node_handle.h:2120:8:[m[K [01;36m[Knote: [m[K  template argument deduction/substitution failed:
[01m[K/home/lke/SK-Autopilot/src/waypoint_generator/src/waypoint_generator.cpp:22:74:[m[K [01;36m[Knote: [m[K  deduced conflicting types for parameter '[01m[Kconst T[m[K' ('[01m[Kdouble[m[K' and '[01m[Kint[m[K')
         m_rosNodeHandler.param("waypoint_generator/wp2_lon", wp.y_long, 0);
[01;32m[K                                                                          ^[m[K
In file included from [01m[K/opt/ros/kinetic/include/ros/ros.h:45:0[m[K,
                 from [01m[K/home/lke/SK-Autopilot/src/waypoint_generator/src/waypoint_generator.cpp:1[m[K:
[01m[K/opt/ros/kinetic/include/ros/node_handle.h:2153:5:[m[K [01;36m[Knote: [m[Kcandidate: template<class T> T ros::NodeHandle::param(const string&, const T&)
   T param(const std::string& param_name, const T& default_val)
[01;32m[K     ^[m[K
[01m[K/opt/ros/kinetic/include/ros/node_handle.h:2153:5:[m[K [01;36m[Knote: [m[K  template argument deduction/substitution failed:
[01m[K/home/lke/SK-Autopilot/src/waypoint_generator/src/waypoint_generator.cpp:22:74:[m[K [01;36m[Knote: [m[K  candidate expects 2 arguments, 3 provided
         m_rosNodeHandler.param("waypoint_generator/wp2_lon", wp.y_long, 0);
[01;32m[K                                                                          ^[m[K
[01m[K/home/lke/SK-Autopilot/src/waypoint_generator/src/waypoint_generator.cpp:23:73:[m[K [01;31m[Kerror: [m[Kno matching function for call to '[01m[Kros::NodeHandle::param(const char [27], mavros_msgs::Waypoint_<std::allocator<void> >::_z_alt_type&, int)[m[K'
         m_rosNodeHandler.param("waypoint_generator/wp2_alt", wp.z_alt, 0);
[01;32m[K                                                                         ^[m[K
In file included from [01m[K/opt/ros/kinetic/include/ros/ros.h:45:0[m[K,
                 from [01m[K/home/lke/SK-Autopilot/src/waypoint_generator/src/waypoint_generator.cpp:1[m[K:
[01m[K/opt/ros/kinetic/include/ros/node_handle.h:2120:8:[m[K [01;36m[Knote: [m[Kcandidate: template<class T> bool ros::NodeHandle::param(const string&, T&, const T&) const
   bool param(const std::string& param_name, T& param_val, const T& default_val) const
[01;32m[K        ^[m[K
[01m[K/opt/ros/kinetic/include/ros/node_handle.h:2120:8:[m[K [01;36m[Knote: [m[K  template argument deduction/substitution failed:
[01m[K/home/lke/SK-Autopilot/src/waypoint_generator/src/waypoint_generator.cpp:23:73:[m[K [01;36m[Knote: [m[K  deduced conflicting types for parameter '[01m[Kconst T[m[K' ('[01m[Kdouble[m[K' and '[01m[Kint[m[K')
         m_rosNodeHandler.param("waypoint_generator/wp2_alt", wp.z_alt, 0);
[01;32m[K                                                                         ^[m[K
In file included from [01m[K/opt/ros/kinetic/include/ros/ros.h:45:0[m[K,
                 from [01m[K/home/lke/SK-Autopilot/src/waypoint_generator/src/waypoint_generator.cpp:1[m[K:
[01m[K/opt/ros/kinetic/include/ros/node_handle.h:2153:5:[m[K [01;36m[Knote: [m[Kcandidate: template<class T> T ros::NodeHandle::param(const string&, const T&)
   T param(const std::string& param_name, const T& default_val)
[01;32m[K     ^[m[K
[01m[K/opt/ros/kinetic/include/ros/node_handle.h:2153:5:[m[K [01;36m[Knote: [m[K  template argument deduction/substitution failed:
[01m[K/home/lke/SK-Autopilot/src/waypoint_generator/src/waypoint_generator.cpp:23:73:[m[K [01;36m[Knote: [m[K  candidate expects 2 arguments, 3 provided
         m_rosNodeHandler.param("waypoint_generator/wp2_alt", wp.z_alt, 0);
[01;32m[K                                                                         ^[m[K
[01m[K/home/lke/SK-Autopilot/src/waypoint_generator/src/waypoint_generator.cpp:26:73:[m[K [01;31m[Kerror: [m[Kno matching function for call to '[01m[Kros::NodeHandle::param(const char [27], mavros_msgs::Waypoint_<std::allocator<void> >::_x_lat_type&, int)[m[K'
         m_rosNodeHandler.param("waypoint_generator/wp3_lat", wp.x_lat, 0);
[01;32m[K                                                                         ^[m[K
In file included from [01m[K/opt/ros/kinetic/include/ros/ros.h:45:0[m[K,
                 from [01m[K/home/lke/SK-Autopilot/src/waypoint_generator/src/waypoint_generator.cpp:1[m[K:
[01m[K/opt/ros/kinetic/include/ros/node_handle.h:2120:8:[m[K [01;36m[Knote: [m[Kcandidate: template<class T> bool ros::NodeHandle::param(const string&, T&, const T&) const
   bool param(const std::string& param_name, T& param_val, const T& default_val) const
[01;32m[K        ^[m[K
[01m[K/opt/ros/kinetic/include/ros/node_handle.h:2120:8:[m[K [01;36m[Knote: [m[K  template argument deduction/substitution failed:
[01m[K/home/lke/SK-Autopilot/src/waypoint_generator/src/waypoint_generator.cpp:26:73:[m[K [01;36m[Knote: [m[K  deduced conflicting types for parameter '[01m[Kconst T[m[K' ('[01m[Kdouble[m[K' and '[01m[Kint[m[K')
         m_rosNodeHandler.param("waypoint_generator/wp3_lat", wp.x_lat, 0);
[01;32m[K                                                                         ^[m[K
In file included from [01m[K/opt/ros/kinetic/include/ros/ros.h:45:0[m[K,
                 from [01m[K/home/lke/SK-Autopilot/src/waypoint_generator/src/waypoint_generator.cpp:1[m[K:
[01m[K/opt/ros/kinetic/include/ros/node_handle.h:2153:5:[m[K [01;36m[Knote: [m[Kcandidate: template<class T> T ros::NodeHandle::param(const string&, const T&)
   T param(const std::string& param_name, const T& default_val)
[01;32m[K     ^[m[K
[01m[K/opt/ros/kinetic/include/ros/node_handle.h:2153:5:[m[K [01;36m[Knote: [m[K  template argument deduction/substitution failed:
[01m[K/home/lke/SK-Autopilot/src/waypoint_generator/src/waypoint_generator.cpp:26:73:[m[K [01;36m[Knote: [m[K  candidate expects 2 arguments, 3 provided
         m_rosNodeHandler.param("waypoint_generator/wp3_lat", wp.x_lat, 0);
[01;32m[K                                                                         ^[m[K
[01m[K/home/lke/SK-Autopilot/src/waypoint_generator/src/waypoint_generator.cpp:27:74:[m[K [01;31m[Kerror: [m[Kno matching function for call to '[01m[Kros::NodeHandle::param(const char [27], mavros_msgs::Waypoint_<std::allocator<void> >::_y_long_type&, int)[m[K'
         m_rosNodeHandler.param("waypoint_generator/wp3_lon", wp.y_long, 0);
[01;32m[K                                                                          ^[m[K
In file included from [01m[K/opt/ros/kinetic/include/ros/ros.h:45:0[m[K,
                 from [01m[K/home/lke/SK-Autopilot/src/waypoint_generator/src/waypoint_generator.cpp:1[m[K:
[01m[K/opt/ros/kinetic/include/ros/node_handle.h:2120:8:[m[K [01;36m[Knote: [m[Kcandidate: template<class T> bool ros::NodeHandle::param(const string&, T&, const T&) const
   bool param(const std::string& param_name, T& param_val, const T& default_val) const
[01;32m[K        ^[m[K
[01m[K/opt/ros/kinetic/include/ros/node_handle.h:2120:8:[m[K [01;36m[Knote: [m[K  template argument deduction/substitution failed:
[01m[K/home/lke/SK-Autopilot/src/waypoint_generator/src/waypoint_generator.cpp:27:74:[m[K [01;36m[Knote: [m[K  deduced conflicting types for parameter '[01m[Kconst T[m[K' ('[01m[Kdouble[m[K' and '[01m[Kint[m[K')
         m_rosNodeHandler.param("waypoint_generator/wp3_lon", wp.y_long, 0);
[01;32m[K                                                                          ^[m[K
In file included from [01m[K/opt/ros/kinetic/include/ros/ros.h:45:0[m[K,
                 from [01m[K/home/lke/SK-Autopilot/src/waypoint_generator/src/waypoint_generator.cpp:1[m[K:
[01m[K/opt/ros/kinetic/include/ros/node_handle.h:2153:5:[m[K [01;36m[Knote: [m[Kcandidate: template<class T> T ros::NodeHandle::param(const string&, const T&)
   T param(const std::string& param_name, const T& default_val)
[01;32m[K     ^[m[K
[01m[K/opt/ros/kinetic/include/ros/node_handle.h:2153:5:[m[K [01;36m[Knote: [m[K  template argument deduction/substitution failed:
[01m[K/home/lke/SK-Autopilot/src/waypoint_generator/src/waypoint_generator.cpp:27:74:[m[K [01;36m[Knote: [m[K  candidate expects 2 arguments, 3 provided
         m_rosNodeHandler.param("waypoint_generator/wp3_lon", wp.y_long, 0);
[01;32m[K                                                                          ^[m[K
[01m[K/home/lke/SK-Autopilot/src/waypoint_generator/src/waypoint_generator.cpp:28:73:[m[K [01;31m[Kerror: [m[Kno matching function for call to '[01m[Kros::NodeHandle::param(const char [27], mavros_msgs::Waypoint_<std::allocator<void> >::_z_alt_type&, int)[m[K'
         m_rosNodeHandler.param("waypoint_generator/wp3_alt", wp.z_alt, 0);
[01;32m[K                                                                         ^[m[K
In file included from [01m[K/opt/ros/kinetic/include/ros/ros.h:45:0[m[K,
                 from [01m[K/home/lke/SK-Autopilot/src/waypoint_generator/src/waypoint_generator.cpp:1[m[K:
[01m[K/opt/ros/kinetic/include/ros/node_handle.h:2120:8:[m[K [01;36m[Knote: [m[Kcandidate: template<class T> bool ros::NodeHandle::param(const string&, T&, const T&) const
   bool param(const std::string& param_name, T& param_val, const T& default_val) const
[01;32m[K        ^[m[K
[01m[K/opt/ros/kinetic/include/ros/node_handle.h:2120:8:[m[K [01;36m[Knote: [m[K  template argument deduction/substitution failed:
[01m[K/home/lke/SK-Autopilot/src/waypoint_generator/src/waypoint_generator.cpp:28:73:[m[K [01;36m[Knote: [m[K  deduced conflicting types for parameter '[01m[Kconst T[m[K' ('[01m[Kdouble[m[K' and '[01m[Kint[m[K')
         m_rosNodeHandler.param("waypoint_generator/wp3_alt", wp.z_alt, 0);
[01;32m[K                                                                         ^[m[K
In file included from [01m[K/opt/ros/kinetic/include/ros/ros.h:45:0[m[K,
                 from [01m[K/home/lke/SK-Autopilot/src/waypoint_generator/src/waypoint_generator.cpp:1[m[K:
[01m[K/opt/ros/kinetic/include/ros/node_handle.h:2153:5:[m[K [01;36m[Knote: [m[Kcandidate: template<class T> T ros::NodeHandle::param(const string&, const T&)
   T param(const std::string& param_name, const T& default_val)
[01;32m[K     ^[m[K
[01m[K/opt/ros/kinetic/include/ros/node_handle.h:2153:5:[m[K [01;36m[Knote: [m[K  template argument deduction/substitution failed:
[01m[K/home/lke/SK-Autopilot/src/waypoint_generator/src/waypoint_generator.cpp:28:73:[m[K [01;36m[Knote: [m[K  candidate expects 2 arguments, 3 provided
         m_rosNodeHandler.param("waypoint_generator/wp3_alt", wp.z_alt, 0);
[01;32m[K                                                                         ^[m[K
[01m[K/home/lke/SK-Autopilot/src/waypoint_generator/src/waypoint_generator.cpp:31:73:[m[K [01;31m[Kerror: [m[Kno matching function for call to '[01m[Kros::NodeHandle::param(const char [27], mavros_msgs::Waypoint_<std::allocator<void> >::_x_lat_type&, int)[m[K'
         m_rosNodeHandler.param("waypoint_generator/wp4_lat", wp.x_lat, 0);
[01;32m[K                                                                         ^[m[K
In file included from [01m[K/opt/ros/kinetic/include/ros/ros.h:45:0[m[K,
                 from [01m[K/home/lke/SK-Autopilot/src/waypoint_generator/src/waypoint_generator.cpp:1[m[K:
[01m[K/opt/ros/kinetic/include/ros/node_handle.h:2120:8:[m[K [01;36m[Knote: [m[Kcandidate: template<class T> bool ros::NodeHandle::param(const string&, T&, const T&) const
   bool param(const std::string& param_name, T& param_val, const T& default_val) const
[01;32m[K        ^[m[K
[01m[K/opt/ros/kinetic/include/ros/node_handle.h:2120:8:[m[K [01;36m[Knote: [m[K  template argument deduction/substitution failed:
[01m[K/home/lke/SK-Autopilot/src/waypoint_generator/src/waypoint_generator.cpp:31:73:[m[K [01;36m[Knote: [m[K  deduced conflicting types for parameter '[01m[Kconst T[m[K' ('[01m[Kdouble[m[K' and '[01m[Kint[m[K')
         m_rosNodeHandler.param("waypoint_generator/wp4_lat", wp.x_lat, 0);
[01;32m[K                                                                         ^[m[K
In file included from [01m[K/opt/ros/kinetic/include/ros/ros.h:45:0[m[K,
                 from [01m[K/home/lke/SK-Autopilot/src/waypoint_generator/src/waypoint_generator.cpp:1[m[K:
[01m[K/opt/ros/kinetic/include/ros/node_handle.h:2153:5:[m[K [01;36m[Knote: [m[Kcandidate: template<class T> T ros::NodeHandle::param(const string&, const T&)
   T param(const std::string& param_name, const T& default_val)
[01;32m[K     ^[m[K
[01m[K/opt/ros/kinetic/include/ros/node_handle.h:2153:5:[m[K [01;36m[Knote: [m[K  template argument deduction/substitution failed:
[01m[K/home/lke/SK-Autopilot/src/waypoint_generator/src/waypoint_generator.cpp:31:73:[m[K [01;36m[Knote: [m[K  candidate expects 2 arguments, 3 provided
         m_rosNodeHandler.param("waypoint_generator/wp4_lat", wp.x_lat, 0);
[01;32m[K                                                                         ^[m[K
[01m[K/home/lke/SK-Autopilot/src/waypoint_generator/src/waypoint_generator.cpp:32:74:[m[K [01;31m[Kerror: [m[Kno matching function for call to '[01m[Kros::NodeHandle::param(const char [27], mavros_msgs::Waypoint_<std::allocator<void> >::_y_long_type&, int)[m[K'
         m_rosNodeHandler.param("waypoint_generator/wp4_lon", wp.y_long, 0);
[01;32m[K                                                                          ^[m[K
In file included from [01m[K/opt/ros/kinetic/include/ros/ros.h:45:0[m[K,
                 from [01m[K/home/lke/SK-Autopilot/src/waypoint_generator/src/waypoint_generator.cpp:1[m[K:
[01m[K/opt/ros/kinetic/include/ros/node_handle.h:2120:8:[m[K [01;36m[Knote: [m[Kcandidate: template<class T> bool ros::NodeHandle::param(const string&, T&, const T&) const
   bool param(const std::string& param_name, T& param_val, const T& default_val) const
[01;32m[K        ^[m[K
[01m[K/opt/ros/kinetic/include/ros/node_handle.h:2120:8:[m[K [01;36m[Knote: [m[K  template argument deduction/substitution failed:
[01m[K/home/lke/SK-Autopilot/src/waypoint_generator/src/waypoint_generator.cpp:32:74:[m[K [01;36m[Knote: [m[K  deduced conflicting types for parameter '[01m[Kconst T[m[K' ('[01m[Kdouble[m[K' and '[01m[Kint[m[K')
         m_rosNodeHandler.param("waypoint_generator/wp4_lon", wp.y_long, 0);
[01;32m[K                                                                          ^[m[K
In file included from [01m[K/opt/ros/kinetic/include/ros/ros.h:45:0[m[K,
                 from [01m[K/home/lke/SK-Autopilot/src/waypoint_generator/src/waypoint_generator.cpp:1[m[K:
[01m[K/opt/ros/kinetic/include/ros/node_handle.h:2153:5:[m[K [01;36m[Knote: [m[Kcandidate: template<class T> T ros::NodeHandle::param(const string&, const T&)
   T param(const std::string& param_name, const T& default_val)
[01;32m[K     ^[m[K
[01m[K/opt/ros/kinetic/include/ros/node_handle.h:2153:5:[m[K [01;36m[Knote: [m[K  template argument deduction/substitution failed:
[01m[K/home/lke/SK-Autopilot/src/waypoint_generator/src/waypoint_generator.cpp:32:74:[m[K [01;36m[Knote: [m[K  candidate expects 2 arguments, 3 provided
         m_rosNodeHandler.param("waypoint_generator/wp4_lon", wp.y_long, 0);
[01;32m[K                                                                          ^[m[K
[01m[K/home/lke/SK-Autopilot/src/waypoint_generator/src/waypoint_generator.cpp:33:73:[m[K [01;31m[Kerror: [m[Kno matching function for call to '[01m[Kros::NodeHandle::param(const char [27], mavros_msgs::Waypoint_<std::allocator<void> >::_z_alt_type&, int)[m[K'
         m_rosNodeHandler.param("waypoint_generator/wp4_alt", wp.z_alt, 0);
[01;32m[K                                                                         ^[m[K
In file included from [01m[K/opt/ros/kinetic/include/ros/ros.h:45:0[m[K,
                 from [01m[K/home/lke/SK-Autopilot/src/waypoint_generator/src/waypoint_generator.cpp:1[m[K:
[01m[K/opt/ros/kinetic/include/ros/node_handle.h:2120:8:[m[K [01;36m[Knote: [m[Kcandidate: template<class T> bool ros::NodeHandle::param(const string&, T&, const T&) const
   bool param(const std::string& param_name, T& param_val, const T& default_val) const
[01;32m[K        ^[m[K
[01m[K/opt/ros/kinetic/include/ros/node_handle.h:2120:8:[m[K [01;36m[Knote: [m[K  template argument deduction/substitution failed:
[01m[K/home/lke/SK-Autopilot/src/waypoint_generator/src/waypoint_generator.cpp:33:73:[m[K [01;36m[Knote: [m[K  deduced conflicting types for parameter '[01m[Kconst T[m[K' ('[01m[Kdouble[m[K' and '[01m[Kint[m[K')
         m_rosNodeHandler.param("waypoint_generator/wp4_alt", wp.z_alt, 0);
[01;32m[K                                                                         ^[m[K
In file included from [01m[K/opt/ros/kinetic/include/ros/ros.h:45:0[m[K,
                 from [01m[K/home/lke/SK-Autopilot/src/waypoint_generator/src/waypoint_generator.cpp:1[m[K:
[01m[K/opt/ros/kinetic/include/ros/node_handle.h:2153:5:[m[K [01;36m[Knote: [m[Kcandidate: template<class T> T ros::NodeHandle::param(const string&, const T&)
   T param(const std::string& param_name, const T& default_val)
[01;32m[K     ^[m[K
[01m[K/opt/ros/kinetic/include/ros/node_handle.h:2153:5:[m[K [01;36m[Knote: [m[K  template argument deduction/substitution failed:
[01m[K/home/lke/SK-Autopilot/src/waypoint_generator/src/waypoint_generator.cpp:33:73:[m[K [01;36m[Knote: [m[K  candidate expects 2 arguments, 3 provided
         m_rosNodeHandler.param("waypoint_generator/wp4_alt", wp.z_alt, 0);
[01;32m[K                                                                         ^[m[K
make[2]: *** [CMakeFiles/waypoint_generator.dir/src/waypoint_generator.cpp.o] Error 1
make[1]: *** [CMakeFiles/waypoint_generator.dir/all] Error 2
make: *** [all] Error 2
