Not searching for unused variables given on the command line.
-- Using CATKIN_DEVEL_PREFIX: /home/lke/SK-Autopilot/devel/.private/waypoint_generator
-- Using CMAKE_PREFIX_PATH: /home/lke/SK-Autopilot/devel;/home/lke/ACL_KUSV/devel;/opt/ros/kinetic
-- This workspace overlays: /home/lke/SK-Autopilot/devel;/home/lke/ACL_KUSV/devel;/opt/ros/kinetic
-- Using PYTHON_EXECUTABLE: /usr/bin/python
-- Using Debian Python package layout
-- Using empy: /usr/bin/empy
-- Using CATKIN_ENABLE_TESTING: ON
-- Call enable_testing()
-- Using CATKIN_TEST_RESULTS_DIR: /home/lke/SK-Autopilot/build/waypoint_generator/test_results
-- Found gmock sources under '/usr/src/gmock': gmock will be built
-- Found gtest sources under '/usr/src/gmock': gtests will be built
-- Using Python nosetests: /usr/bin/nosetests-2.7
-- catkin 0.7.14
-- Using these message generators: gencpp;geneus;genlisp;gennodejs;genpy
CMake Warning at /opt/ros/kinetic/share/catkin/cmake/catkin_package.cmake:166 (message):
  catkin_package() DEPENDS on 'system_lib' but neither
  'system_lib_INCLUDE_DIRS' nor 'system_lib_LIBRARIES' is defined.
Call Stack (most recent call first):
  /opt/ros/kinetic/share/catkin/cmake/catkin_package.cmake:102 (_catkin_package)
  CMakeLists.txt:107 (catkin_package)


-- Configuring done
-- Generating done
-- Build files have been written to: /home/lke/SK-Autopilot/build/waypoint_generator
