[01m[K/home/lke/SK-Autopilot/src/waypoint_generator/src/waypoint_generator.cpp:18:19:[m[K [01;35m[Kwarning: [m[Knon-static data member initializers only available with -std=c++11 or -std=gnu++11
     double m_pi = 3.14159265358979323846;
[01;32m[K                   ^[m[K
[01m[K/home/lke/SK-Autopilot/src/waypoint_generator/src/waypoint_generator.cpp:20:31:[m[K [01;35m[Kwarning: [m[Knon-static data member initializers only available with -std=c++11 or -std=gnu++11
     double m_origin_lat_deg = 37.544156;
[01;32m[K                               ^[m[K
[01m[K/home/lke/SK-Autopilot/src/waypoint_generator/src/waypoint_generator.cpp:21:55:[m[K [01;35m[Kwarning: [m[Knon-static data member initializers only available with -std=c++11 or -std=gnu++11
     double m_origin_lat_rad = m_origin_lat_deg * m_pi/180.0;
[01;32m[K                                                       ^[m[K
[01m[K/home/lke/SK-Autopilot/src/waypoint_generator/src/waypoint_generator.cpp:23:31:[m[K [01;35m[Kwarning: [m[Knon-static data member initializers only available with -std=c++11 or -std=gnu++11
     double m_origin_lon_deg = 127.078417;
[01;32m[K                               ^[m[K
[01m[K/home/lke/SK-Autopilot/src/waypoint_generator/src/waypoint_generator.cpp:24:55:[m[K [01;35m[Kwarning: [m[Knon-static data member initializers only available with -std=c++11 or -std=gnu++11
     double m_origin_lon_rad = m_origin_lon_deg * m_pi/180.0;
[01;32m[K                                                       ^[m[K
[01m[K/home/lke/SK-Autopilot/src/waypoint_generator/src/waypoint_generator.cpp:26:18:[m[K [01;35m[Kwarning: [m[Knon-static data member initializers only available with -std=c++11 or -std=gnu++11
     double m_a = 6378137.0;       // semi-major axis [m]
[01;32m[K                  ^[m[K
[01m[K/home/lke/SK-Autopilot/src/waypoint_generator/src/waypoint_generator.cpp:27:18:[m[K [01;35m[Kwarning: [m[Knon-static data member initializers only available with -std=c++11 or -std=gnu++11
     double m_b = 6356752.314245;  // semi-minor axis [m]
[01;32m[K                  ^[m[K
[01m[K/home/lke/SK-Autopilot/src/waypoint_generator/src/waypoint_generator.cpp:32:21:[m[K [01;35m[Kwarning: [m[Knon-static data member initializers only available with -std=c++11 or -std=gnu++11
     int current_seq=0;
[01;32m[K                     ^[m[K
