[01m[K/home/lke/SK-Autopilot/src/waypoint_generator/src/waypoint_follower.cpp:26:21:[m[K [01;35m[Kwarning: [m[Knon-static data member initializers only available with -std=c++11 or -std=gnu++11
     int current_seq=0;
[01;32m[K                     ^[m[K
[01m[K/home/lke/SK-Autopilot/src/waypoint_generator/src/waypoint_follower.cpp:27:15:[m[K [01;35m[Kwarning: [m[Knon-static data member initializers only available with -std=c++11 or -std=gnu++11
     int count=0;
[01;32m[K               ^[m[K
In file included from [01m[K/opt/ros/kinetic/include/ros/ros.h:40:0[m[K,
                 from [01m[K/home/lke/SK-Autopilot/src/waypoint_generator/src/waypoint_follower.cpp:1[m[K:
[01m[K/home/lke/SK-Autopilot/src/waypoint_generator/src/waypoint_follower.cpp:[m[K In member function '[01m[Kvoid WaypointFollower::nextWp()[m[K':
[01m[K/opt/ros/kinetic/include/ros/console.h:346:176:[m[K [01;35m[Kwarning: [m[Ktoo many arguments for format [-Wformat-extra-args]
     ::ros::console::print(filter, __rosconsole_define_location__loc.logger_, __rosconsole_define_location__loc.level_, __FILE__, __LINE__, __ROSCONSOLE_FUNCTION__, __VA_ARGS__)
[01;32m[K                                                                                                                                                                                ^[m[K
[01m[K/opt/ros/kinetic/include/ros/console.h:349:5:[m[K [01;36m[Knote: [m[Kin expansion of macro '[01m[KROSCONSOLE_PRINT_AT_LOCATION_WITH_FILTER[m[K'
     ROSCONSOLE_PRINT_AT_LOCATION_WITH_FILTER(0, __VA_ARGS__)
[01;32m[K     ^[m[K
[01m[K/opt/ros/kinetic/include/ros/console.h:379:7:[m[K [01;36m[Knote: [m[Kin expansion of macro '[01m[KROSCONSOLE_PRINT_AT_LOCATION[m[K'
       ROSCONSOLE_PRINT_AT_LOCATION(__VA_ARGS__); \
[01;32m[K       ^[m[K
[01m[K/opt/ros/kinetic/include/ros/console.h:561:35:[m[K [01;36m[Knote: [m[Kin expansion of macro '[01m[KROS_LOG_COND[m[K'
 #define ROS_LOG(level, name, ...) ROS_LOG_COND(true, level, name, __VA_ARGS__)
[01;32m[K                                   ^[m[K
[01m[K/opt/ros/kinetic/include/rosconsole/macros_generated.h:110:23:[m[K [01;36m[Knote: [m[Kin expansion of macro '[01m[KROS_LOG[m[K'
 #define ROS_INFO(...) ROS_LOG(::ros::console::levels::Info, ROSCONSOLE_DEFAULT_NAME, __VA_ARGS__)
[01;32m[K                       ^[m[K
[01m[K/home/lke/SK-Autopilot/src/waypoint_generator/src/waypoint_follower.cpp:59:9:[m[K [01;36m[Knote: [m[Kin expansion of macro '[01m[KROS_INFO[m[K'
         ROS_INFO("current sequence : ",current_seq);
[01;32m[K         ^[m[K
[01m[K/home/lke/SK-Autopilot/src/waypoint_generator/src/waypoint_follower.cpp:[m[K In member function '[01m[Kvoid WaypointFollower::waypointsCb(const ConstPtr&)[m[K':
[01m[K/home/lke/SK-Autopilot/src/waypoint_generator/src/waypoint_follower.cpp:63:18:[m[K [01;31m[Kerror: [m[Kno match for '[01m[Koperator=[m[K' (operand types are '[01m[Kmavros_msgs::WaypointList {aka mavros_msgs::WaypointList_<std::allocator<void> >}[m[K' and '[01m[Kconst _waypoints_type {aka const std::vector<mavros_msgs::Waypoint_<std::allocator<void> >, std::allocator<mavros_msgs::Waypoint_<std::allocator<void> > > >}[m[K')
         waypoints=msg->waypoints;
[01;32m[K                  ^[m[K
In file included from [01m[K/home/lke/SK-Autopilot/src/waypoint_generator/src/waypoint_follower.cpp:3:0[m[K:
[01m[K/opt/ros/kinetic/include/mavros_msgs/WaypointList.h:23:8:[m[K [01;36m[Knote: [m[Kcandidate: mavros_msgs::WaypointList_<std::allocator<void> >& mavros_msgs::WaypointList_<std::allocator<void> >::operator=(const mavros_msgs::WaypointList_<std::allocator<void> >&)
 struct WaypointList_
[01;32m[K        ^[m[K
[01m[K/opt/ros/kinetic/include/mavros_msgs/WaypointList.h:23:8:[m[K [01;36m[Knote: [m[K  no known conversion for argument 1 from '[01m[Kconst _waypoints_type {aka const std::vector<mavros_msgs::Waypoint_<std::allocator<void> >, std::allocator<mavros_msgs::Waypoint_<std::allocator<void> > > >}[m[K' to '[01m[Kconst mavros_msgs::WaypointList_<std::allocator<void> >&[m[K'
make[2]: *** [CMakeFiles/waypoint_follower.dir/src/waypoint_follower.cpp.o] Error 1
make[1]: *** [CMakeFiles/waypoint_follower.dir/all] Error 2
make: *** [all] Error 2
